2025-04-23 18:43:32,684 - __main__ - INFO - Creating augmented images...
2025-04-23 18:43:32,684 - __main__ - INFO - Processing גבינה_צהובה...
2025-04-23 18:43:33,016 - __main__ - INFO - Processing קוטג...
2025-04-23 18:43:33,088 - __main__ - INFO - Processing חלב...
2025-04-23 18:43:33,304 - __main__ - INFO - Processing נוטלה...
2025-04-23 18:43:36,517 - __main__ - INFO - Processing גבינה_לבנה...
2025-04-23 18:43:36,790 - __main__ - INFO - Processed 565 original images
2025-04-23 18:43:36,790 - __main__ - INFO - Created 3390 augmented images
2025-04-23 18:43:36,790 - __main__ - INFO - Total dataset size: 3955 images
2025-04-23 20:13:01,341 - __main__ - INFO - Starting image augmentation from data/images to data/augmented...
2025-04-23 20:13:01,342 - __main__ - INFO - Found 60 product categories
2025-04-23 20:13:01,342 - __main__ - INFO - Processing category: פוזילי
2025-04-23 20:13:01,342 - __main__ - INFO - Found 9 images for פוזילי
2025-04-23 20:13:01,558 - __main__ - INFO - Created 72 augmented images for פוזילי
2025-04-23 20:13:01,558 - __main__ - INFO - Processing category: לחם_קל
2025-04-23 20:13:01,558 - __main__ - INFO - Found 30 images for לחם_קל
2025-04-23 20:13:01,758 - __main__ - INFO - Created 240 augmented images for לחם_קל
2025-04-23 20:13:01,758 - __main__ - INFO - Processing category: קמח_מלא
2025-04-23 20:13:01,758 - __main__ - INFO - Found 30 images for קמח_מלא
2025-04-23 20:13:01,976 - __main__ - INFO - Created 240 augmented images for קמח_מלא
2025-04-23 20:13:01,976 - __main__ - INFO - Processing category: לחם_ללא_גלוטן
2025-04-23 20:13:01,976 - __main__ - INFO - Found 30 images for לחם_ללא_גלוטן
2025-04-23 20:13:02,185 - __main__ - INFO - Created 240 augmented images for לחם_ללא_גלוטן
2025-04-23 20:13:02,185 - __main__ - INFO - Processing category: גבינת_פרמזן
2025-04-23 20:13:02,186 - __main__ - INFO - Found 30 images for גבינת_פרמזן
2025-04-23 20:13:02,389 - __main__ - INFO - Created 240 augmented images for גבינת_פרמזן
2025-04-23 20:13:02,389 - __main__ - INFO - Processing category: פיתות
2025-04-23 20:13:02,390 - __main__ - INFO - Found 27 images for פיתות
2025-04-23 20:13:02,582 - __main__ - INFO - Created 216 augmented images for פיתות
2025-04-23 20:13:02,583 - __main__ - INFO - Processing category: לבן
2025-04-23 20:13:02,583 - __main__ - INFO - Found 30 images for לבן
2025-04-23 20:13:02,969 - __main__ - INFO - Created 240 augmented images for לבן
2025-04-23 20:13:02,970 - __main__ - INFO - Processing category: חמאה
2025-04-23 20:13:02,970 - __main__ - INFO - Found 30 images for חמאה
2025-04-23 20:13:03,167 - __main__ - INFO - Created 240 augmented images for חמאה
2025-04-23 20:13:03,168 - __main__ - INFO - Processing category: אורז_מלא
2025-04-23 20:13:03,168 - __main__ - INFO - Found 30 images for אורז_מלא
2025-04-23 20:13:03,407 - __main__ - INFO - Created 240 augmented images for אורז_מלא
2025-04-23 20:13:03,407 - __main__ - INFO - Processing category: לחם
2025-04-23 20:13:03,408 - __main__ - INFO - Found 30 images for לחם
2025-04-23 20:13:03,609 - __main__ - INFO - Created 240 augmented images for לחם
2025-04-23 20:13:03,609 - __main__ - INFO - Processing category: גבינת_שמנת
2025-04-23 20:13:03,610 - __main__ - INFO - Found 30 images for גבינת_שמנת
2025-04-23 20:13:03,816 - __main__ - INFO - Created 240 augmented images for גבינת_שמנת
2025-04-23 20:13:03,816 - __main__ - INFO - Processing category: חלה
2025-04-23 20:13:03,817 - __main__ - INFO - Found 30 images for חלה
2025-04-23 20:13:04,012 - __main__ - INFO - Created 240 augmented images for חלה
2025-04-23 20:13:04,012 - __main__ - INFO - Processing category: גבינת_עיזים
2025-04-23 20:13:04,013 - __main__ - INFO - Found 30 images for גבינת_עיזים
2025-04-23 20:13:04,212 - __main__ - INFO - Created 240 augmented images for גבינת_עיזים
2025-04-23 20:13:04,212 - __main__ - INFO - Processing category: לחם_כוסמין
2025-04-23 20:13:04,213 - __main__ - INFO - Found 28 images for לחם_כוסמין
2025-04-23 20:13:04,409 - __main__ - INFO - Created 224 augmented images for לחם_כוסמין
2025-04-23 20:13:04,409 - __main__ - INFO - Processing category: בייגלה
2025-04-23 20:13:04,409 - __main__ - INFO - Found 30 images for בייגלה
2025-04-23 20:13:04,632 - __main__ - INFO - Created 240 augmented images for בייגלה
2025-04-23 20:13:04,632 - __main__ - INFO - Processing category: שמנת
2025-04-23 20:13:04,633 - __main__ - INFO - Found 29 images for שמנת
2025-04-23 20:13:04,847 - __main__ - INFO - Created 232 augmented images for שמנת
2025-04-23 20:13:04,847 - __main__ - INFO - Processing category: משקה_שיבולת_שועל
2025-04-23 20:13:04,848 - __main__ - INFO - Found 30 images for משקה_שיבולת_שועל
2025-04-23 20:13:05,158 - __main__ - INFO - Created 240 augmented images for משקה_שיבולת_שועל
2025-04-23 20:13:05,158 - __main__ - INFO - Processing category: מרגרינה
2025-04-23 20:13:05,160 - __main__ - INFO - Found 11 images for מרגרינה
2025-04-23 20:13:05,450 - __main__ - INFO - Created 88 augmented images for מרגרינה
2025-04-23 20:13:05,450 - __main__ - INFO - Processing category: מעדן
2025-04-23 20:13:05,451 - __main__ - INFO - Found 30 images for מעדן
2025-04-23 20:13:05,676 - __main__ - INFO - Created 240 augmented images for מעדן
2025-04-23 20:13:05,676 - __main__ - INFO - Processing category: קוסקוס
2025-04-23 20:13:05,677 - __main__ - INFO - Found 27 images for קוסקוס
2025-04-23 20:13:05,886 - __main__ - INFO - Created 216 augmented images for קוסקוס
2025-04-23 20:13:05,886 - __main__ - INFO - Processing category: בגט
2025-04-23 20:13:05,887 - __main__ - INFO - Found 25 images for בגט
2025-04-23 20:13:06,181 - __main__ - INFO - Created 200 augmented images for בגט
2025-04-23 20:13:06,181 - __main__ - INFO - Processing category: יוגורט
2025-04-23 20:13:06,182 - __main__ - INFO - Found 30 images for יוגורט
2025-04-23 20:13:06,443 - __main__ - INFO - Created 240 augmented images for יוגורט
2025-04-23 20:13:06,443 - __main__ - INFO - Processing category: בורגול
2025-04-23 20:13:06,444 - __main__ - INFO - Found 4 images for בורגול
2025-04-23 20:13:06,740 - __main__ - INFO - Created 32 augmented images for בורגול
2025-04-23 20:13:06,740 - __main__ - INFO - Processing category: מצות
2025-04-23 20:13:06,741 - __main__ - INFO - Found 30 images for מצות
2025-04-23 20:13:07,021 - __main__ - INFO - Created 240 augmented images for מצות
2025-04-23 20:13:07,021 - __main__ - INFO - Processing category: גבינה_בולגרית
2025-04-23 20:13:07,022 - __main__ - INFO - Found 29 images for גבינה_בולגרית
2025-04-23 20:13:07,266 - __main__ - INFO - Created 232 augmented images for גבינה_בולגרית
2025-04-23 20:13:07,266 - __main__ - INFO - Processing category: פתיתים
2025-04-23 20:13:07,266 - __main__ - INFO - Found 30 images for פתיתים
2025-04-23 20:13:07,552 - __main__ - INFO - Created 240 augmented images for פתיתים
2025-04-23 20:13:07,552 - __main__ - INFO - Processing category: ביצים
2025-04-23 20:13:07,553 - __main__ - INFO - Found 24 images for ביצים
2025-04-23 20:13:07,863 - __main__ - INFO - Created 192 augmented images for ביצים
2025-04-23 20:13:07,863 - __main__ - INFO - Processing category: לחם_שיפון
2025-04-23 20:13:07,864 - __main__ - INFO - Found 30 images for לחם_שיפון
2025-04-23 20:13:08,138 - __main__ - INFO - Created 240 augmented images for לחם_שיפון
2025-04-23 20:13:08,138 - __main__ - INFO - Processing category: טורטיה
2025-04-23 20:13:08,138 - __main__ - INFO - Found 30 images for טורטיה
2025-04-23 20:13:08,436 - __main__ - INFO - Created 240 augmented images for טורטיה
2025-04-23 20:13:08,436 - __main__ - INFO - Processing category: משקה_שקדים
2025-04-23 20:13:08,437 - __main__ - INFO - Found 30 images for משקה_שקדים
2025-04-23 20:13:08,709 - __main__ - INFO - Created 240 augmented images for משקה_שקדים
2025-04-23 20:13:08,709 - __main__ - INFO - Processing category: גבינה_צהובה
2025-04-23 20:13:08,710 - __main__ - INFO - Found 30 images for גבינה_צהובה
2025-04-23 20:13:09,023 - __main__ - INFO - Created 240 augmented images for גבינה_צהובה
2025-04-23 20:13:09,024 - __main__ - INFO - Processing category: גבינת_צפתית
2025-04-23 20:13:09,024 - __main__ - INFO - Found 29 images for גבינת_צפתית
2025-04-23 20:13:09,300 - __main__ - INFO - Created 232 augmented images for גבינת_צפתית
2025-04-23 20:13:09,300 - __main__ - INFO - Processing category: לחם_מלא
2025-04-23 20:13:09,300 - __main__ - INFO - Found 29 images for לחם_מלא
2025-04-23 20:13:09,511 - __main__ - INFO - Created 232 augmented images for לחם_מלא
2025-04-23 20:13:09,511 - __main__ - INFO - Processing category: קמח_תירס
2025-04-23 20:13:09,511 - __main__ - INFO - Found 30 images for קמח_תירס
2025-04-23 20:13:09,730 - __main__ - INFO - Created 240 augmented images for קמח_תירס
2025-04-23 20:13:09,730 - __main__ - INFO - Processing category: חלב_סויה
2025-04-23 20:13:09,731 - __main__ - INFO - Found 30 images for חלב_סויה
2025-04-23 20:13:09,937 - __main__ - INFO - Created 240 augmented images for חלב_סויה
2025-04-23 20:13:09,937 - __main__ - INFO - Processing category: קצפת
2025-04-23 20:13:09,937 - __main__ - INFO - Found 30 images for קצפת
2025-04-23 20:13:10,315 - __main__ - INFO - Created 240 augmented images for קצפת
2025-04-23 20:13:10,315 - __main__ - INFO - Processing category: אורז
2025-04-23 20:13:10,315 - __main__ - INFO - Found 30 images for אורז
2025-04-23 20:13:10,562 - __main__ - INFO - Created 240 augmented images for אורז
2025-04-23 20:13:10,562 - __main__ - INFO - Processing category: פסטה
2025-04-23 20:13:10,563 - __main__ - INFO - Found 30 images for פסטה
2025-04-23 20:13:10,800 - __main__ - INFO - Created 240 augmented images for פסטה
2025-04-23 20:13:10,800 - __main__ - INFO - Processing category: קוטג
2025-04-23 20:13:10,800 - __main__ - INFO - Found 13 images for קוטג
2025-04-23 20:13:10,995 - __main__ - INFO - Created 104 augmented images for קוטג
2025-04-23 20:13:10,995 - __main__ - INFO - Processing category: לחם_דגנים
2025-04-23 20:13:10,996 - __main__ - INFO - Found 30 images for לחם_דגנים
2025-04-23 20:13:11,217 - __main__ - INFO - Created 240 augmented images for לחם_דגנים
2025-04-23 20:13:11,217 - __main__ - INFO - Processing category: אורז_יסמין
2025-04-23 20:13:11,217 - __main__ - INFO - Found 30 images for אורז_יסמין
2025-04-23 20:13:11,502 - __main__ - INFO - Created 240 augmented images for אורז_יסמין
2025-04-23 20:13:11,502 - __main__ - INFO - Processing category: חלבון_ביצה
2025-04-23 20:13:11,502 - __main__ - INFO - Found 30 images for חלבון_ביצה
2025-04-23 20:13:11,753 - __main__ - INFO - Created 240 augmented images for חלבון_ביצה
2025-04-23 20:13:11,753 - __main__ - INFO - Processing category: קמח
2025-04-23 20:13:11,754 - __main__ - INFO - Found 30 images for קמח
2025-04-23 20:13:11,994 - __main__ - INFO - Created 240 augmented images for קמח
2025-04-23 20:13:11,994 - __main__ - INFO - Processing category: משקה_אורז
2025-04-23 20:13:11,994 - __main__ - INFO - Found 30 images for משקה_אורז
2025-04-23 20:13:12,271 - __main__ - INFO - Created 240 augmented images for משקה_אורז
2025-04-23 20:13:12,271 - __main__ - INFO - Processing category: חלב
2025-04-23 20:13:12,272 - __main__ - INFO - Found 30 images for חלב
2025-04-23 20:13:12,548 - __main__ - INFO - Created 240 augmented images for חלב
2025-04-23 20:13:12,548 - __main__ - INFO - Processing category: ספגטי
2025-04-23 20:13:12,549 - __main__ - INFO - Found 30 images for ספגטי
2025-04-23 20:13:12,819 - __main__ - INFO - Created 240 augmented images for ספגטי
2025-04-23 20:13:12,819 - __main__ - INFO - Processing category: פסטה_פנה
2025-04-23 20:13:12,819 - __main__ - INFO - Found 30 images for פסטה_פנה
2025-04-23 20:13:13,058 - __main__ - INFO - Created 240 augmented images for פסטה_פנה
2025-04-23 20:13:13,058 - __main__ - INFO - Processing category: אורז_בסמטי
2025-04-23 20:13:13,058 - __main__ - INFO - Found 30 images for אורז_בסמטי
2025-04-23 20:13:13,301 - __main__ - INFO - Created 240 augmented images for אורז_בסמטי
2025-04-23 20:13:13,305 - __main__ - INFO - Processing category: גבינת_מוצרלה
2025-04-23 20:13:13,306 - __main__ - INFO - Found 30 images for גבינת_מוצרלה
2025-04-23 20:13:13,524 - __main__ - INFO - Created 240 augmented images for גבינת_מוצרלה
2025-04-23 20:13:13,524 - __main__ - INFO - Processing category: קרקרים
2025-04-23 20:13:13,524 - __main__ - INFO - Found 30 images for קרקרים
2025-04-23 20:13:13,729 - __main__ - INFO - Created 240 augmented images for קרקרים
2025-04-23 20:13:13,730 - __main__ - INFO - Processing category: קמח_כוסמין
2025-04-23 20:13:13,730 - __main__ - INFO - Found 30 images for קמח_כוסמין
2025-04-23 20:13:13,943 - __main__ - INFO - Created 240 augmented images for קמח_כוסמין
2025-04-23 20:13:13,944 - __main__ - INFO - Processing category: לחמניות
2025-04-23 20:13:13,944 - __main__ - INFO - Found 28 images for לחמניות
2025-04-23 20:13:14,159 - __main__ - INFO - Created 224 augmented images for לחמניות
2025-04-23 20:13:14,159 - __main__ - INFO - Processing category: פריכיות
2025-04-23 20:13:14,160 - __main__ - INFO - Found 30 images for פריכיות
2025-04-23 20:13:14,352 - __main__ - INFO - Created 240 augmented images for פריכיות
2025-04-23 20:13:14,353 - __main__ - INFO - Processing category: חטיפי_אורז
2025-04-23 20:13:14,353 - __main__ - INFO - Found 30 images for חטיפי_אורז
2025-04-23 20:13:14,571 - __main__ - INFO - Created 240 augmented images for חטיפי_אורז
2025-04-23 20:13:14,571 - __main__ - INFO - Processing category: שמנת_חמוצה
2025-04-23 20:13:14,571 - __main__ - INFO - Found 30 images for שמנת_חמוצה
2025-04-23 20:13:14,858 - __main__ - INFO - Created 240 augmented images for שמנת_חמוצה
2025-04-23 20:13:14,858 - __main__ - INFO - Processing category: לחם_מחמצת
2025-04-23 20:13:14,858 - __main__ - INFO - Found 30 images for לחם_מחמצת
2025-04-23 20:13:15,130 - __main__ - INFO - Created 240 augmented images for לחם_מחמצת
2025-04-23 20:13:15,130 - __main__ - INFO - Processing category: גבינה_לבנה
2025-04-23 20:13:15,130 - __main__ - INFO - Found 30 images for גבינה_לבנה
2025-04-23 20:13:15,353 - __main__ - INFO - Created 240 augmented images for גבינה_לבנה
2025-04-23 20:13:15,353 - __main__ - INFO - Processing category: קינואה
2025-04-23 20:13:15,354 - __main__ - INFO - Found 26 images for קינואה
2025-04-23 20:13:15,583 - __main__ - INFO - Created 208 augmented images for קינואה
2025-04-23 20:13:15,583 - __main__ - INFO - Processing category: גבינת_פטה
2025-04-23 20:13:15,584 - __main__ - INFO - Found 30 images for גבינת_פטה
2025-04-23 20:13:15,819 - __main__ - INFO - Created 240 augmented images for גבינת_פטה
2025-04-23 20:13:15,820 - __main__ - INFO - Processing category: קמח_לבן
2025-04-23 20:13:15,820 - __main__ - INFO - Found 30 images for קמח_לבן
2025-04-23 20:13:16,082 - __main__ - INFO - Created 240 augmented images for קמח_לבן
2025-04-23 20:13:16,082 - __main__ - INFO - Augmentation complete!
2025-04-23 20:13:16,083 - __main__ - INFO - Total original images: 1688
2025-04-23 20:13:16,083 - __main__ - INFO - Total augmented images: 13504
2025-04-23 20:13:16,083 - __main__ - INFO - Final dataset size: 15192 images
