2025-04-23 20:16:28,191 - __main__ - INFO - Preparing Donut dataset...
2025-04-23 20:16:28,207 - __main__ - INFO - Found result files for 60 product categories
2025-04-23 20:16:28,223 - __main__ - INFO - Processing 9 products from פוזילי
2025-04-23 20:16:28,226 - __main__ - INFO - Processing 30 products from לחם_קל
2025-04-23 20:16:28,241 - __main__ - INFO - Processing 30 products from קמח_מלא
2025-04-23 20:16:28,255 - __main__ - INFO - Processing 30 products from לחם_ללא_גלוטן
2025-04-23 20:16:28,269 - __main__ - INFO - Processing 30 products from גבינת_פרמזן
2025-04-23 20:16:28,283 - __main__ - INFO - Processing 30 products from פיתות
2025-04-23 20:16:28,295 - __main__ - INFO - Processing 30 products from לבן
2025-04-23 20:16:28,310 - __main__ - INFO - Processing 30 products from חמאה
2025-04-23 20:16:28,328 - __main__ - INFO - Processing 30 products from אורז_מלא
2025-04-23 20:16:28,345 - __main__ - INFO - Processing 30 products from לחם
2025-04-23 20:16:28,364 - __main__ - INFO - Processing 30 products from גבינת_שמנת
2025-04-23 20:16:28,382 - __main__ - INFO - Processing 30 products from חלה
2025-04-23 20:16:28,403 - __main__ - INFO - Processing 30 products from גבינת_עיזים
2025-04-23 20:16:28,424 - __main__ - INFO - Processing 30 products from לחם_כוסמין
2025-04-23 20:16:28,443 - __main__ - INFO - Processing 30 products from בייגלה
2025-04-23 20:16:28,469 - __main__ - INFO - Processing 30 products from שמנת
2025-04-23 20:16:28,492 - __main__ - INFO - Processing 30 products from משקה_שיבולת_שועל
2025-04-23 20:16:28,516 - __main__ - INFO - Processing 11 products from מרגרינה
2025-04-23 20:16:28,524 - __main__ - INFO - Processing 30 products from מעדן
2025-04-23 20:16:28,553 - __main__ - INFO - Processing 27 products from קוסקוס
2025-04-23 20:16:28,577 - __main__ - INFO - Processing 25 products from בגט
2025-04-23 20:16:28,598 - __main__ - INFO - Processing 30 products from יוגורט
2025-04-23 20:16:28,626 - __main__ - INFO - Processing 4 products from בורגול
2025-04-23 20:16:28,629 - __main__ - INFO - Processing 30 products from מצות
2025-04-23 20:16:28,658 - __main__ - INFO - Processing 30 products from גבינה_בולגרית
2025-04-23 20:16:28,687 - __main__ - INFO - Processing 30 products from פתיתים
2025-04-23 20:16:28,718 - __main__ - INFO - Processing 30 products from ביצים
2025-04-23 20:16:28,743 - __main__ - INFO - Processing 30 products from לחם_שיפון
2025-04-23 20:16:28,775 - __main__ - INFO - Processing 30 products from טורטיה
2025-04-23 20:16:28,809 - __main__ - INFO - Processing 30 products from משקה_שקדים
2025-04-23 20:16:28,847 - __main__ - INFO - Processing 30 products from גבינה_צהובה
2025-04-23 20:16:28,888 - __main__ - INFO - Processing 30 products from גבינת_צפתית
2025-04-23 20:16:28,923 - __main__ - INFO - Processing 30 products from לחם_מלא
2025-04-23 20:16:28,958 - __main__ - INFO - Processing 30 products from קמח_תירס
2025-04-23 20:16:28,995 - __main__ - INFO - Processing 30 products from חלב_סויה
2025-04-23 20:16:29,035 - __main__ - INFO - Processing 30 products from קצפת
2025-04-23 20:16:29,075 - __main__ - INFO - Processing 30 products from אורז
2025-04-23 20:16:29,118 - __main__ - INFO - Processing 30 products from פסטה
2025-04-23 20:16:29,162 - __main__ - INFO - Processing 13 products from קוטג
2025-04-23 20:16:29,179 - __main__ - INFO - Processing 30 products from לחם_דגנים
2025-04-23 20:16:29,222 - __main__ - INFO - Processing 30 products from אורז_יסמין
2025-04-23 20:16:29,266 - __main__ - INFO - Processing 30 products from חלבון_ביצה
2025-04-23 20:16:29,312 - __main__ - INFO - Processing 30 products from קמח
2025-04-23 20:16:29,358 - __main__ - INFO - Processing 30 products from משקה_אורז
2025-04-23 20:16:29,403 - __main__ - INFO - Processing 30 products from חלב
2025-04-23 20:16:29,455 - __main__ - INFO - Processing 30 products from ספגטי
2025-04-23 20:16:29,505 - __main__ - INFO - Processing 30 products from פסטה_פנה
2025-04-23 20:16:29,558 - __main__ - INFO - Processing 30 products from אורז_בסמטי
2025-04-23 20:16:29,608 - __main__ - INFO - Processing 30 products from גבינת_מוצרלה
2025-04-23 20:16:29,661 - __main__ - INFO - Processing 30 products from קרקרים
2025-04-23 20:16:29,718 - __main__ - INFO - Processing 30 products from קמח_כוסמין
2025-04-23 20:16:29,770 - __main__ - INFO - Processing 30 products from לחמניות
2025-04-23 20:16:29,819 - __main__ - INFO - Processing 30 products from פריכיות
2025-04-23 20:16:29,872 - __main__ - INFO - Processing 30 products from חטיפי_אורז
2025-04-23 20:16:29,927 - __main__ - INFO - Processing 30 products from שמנת_חמוצה
2025-04-23 20:16:29,983 - __main__ - INFO - Processing 30 products from לחם_מחמצת
2025-04-23 20:16:30,040 - __main__ - INFO - Processing 30 products from גבינה_לבנה
2025-04-23 20:16:30,098 - __main__ - INFO - Processing 27 products from קינואה
2025-04-23 20:16:30,148 - __main__ - INFO - Processing 30 products from גבינת_פטה
2025-04-23 20:16:30,206 - __main__ - INFO - Processing 30 products from קמח_לבן
2025-04-23 20:16:30,266 - __main__ - INFO - Processed 15192 products, skipped 18
2025-04-23 20:16:30,266 - __main__ - INFO - Training examples: 12060
2025-04-23 20:16:30,266 - __main__ - INFO - Validation examples: 3132
2025-04-23 20:16:35,668 - __main__ - INFO - Saved training metadata to data/donut/train/metadata.jsonl
2025-04-23 20:16:35,669 - __main__ - INFO - Saved validation metadata to data/donut/val/metadata.jsonl
2025-04-23 20:16:35,669 - __main__ - INFO - Dataset preparation complete!
